{"C:\\Users\\asus\\OneDrive\\Desktop\\Asad Files\\Accessibility-Analyzer-Backend\\config\\sql.js": {"path":"C:\\Users\\asus\\OneDrive\\Desktop\\Asad Files\\Accessibility-Analyzer-Backend\\config\\sql.js","statementMap":{"0":{"start":{"line":1,"column":12},"end":{"line":1,"column":28}},"1":{"start":{"line":2,"column":0},"end":{"line":2,"column":27}},"2":{"start":{"line":4,"column":15},"end":{"line":13,"column":1}},"3":{"start":{"line":16,"column":2},"end":{"line":21,"column":3}},"4":{"start":{"line":17,"column":4},"end":{"line":17,"column":30}},"5":{"start":{"line":18,"column":4},"end":{"line":18,"column":45}},"6":{"start":{"line":20,"column":4},"end":{"line":20,"column":59}},"7":{"start":{"line":24,"column":0},"end":{"line":24,"column":41}}},"fnMap":{"0":{"name":"connectToSqlDb","decl":{"start":{"line":15,"column":15},"end":{"line":15,"column":29}},"loc":{"start":{"line":15,"column":32},"end":{"line":22,"column":1}},"line":15}},"branchMap":{},"s":{"0":1,"1":1,"2":1,"3":0,"4":0,"5":0,"6":0,"7":1},"f":{"0":0},"b":{},"_coverageSchema":"1a1c01bbd47fc00a2c39e90264f33305004495a9","hash":"a301b5591f8ee9b2e53da4dcc5f4722fc110853b"}
,"C:\\Users\\asus\\OneDrive\\Desktop\\Asad Files\\Accessibility-Analyzer-Backend\\controllers\\userController.js": {"path":"C:\\Users\\asus\\OneDrive\\Desktop\\Asad Files\\Accessibility-Analyzer-Backend\\controllers\\userController.js","statementMap":{"0":{"start":{"line":1,"column":15},"end":{"line":1,"column":32}},"1":{"start":{"line":2,"column":16},"end":{"line":2,"column":40}},"2":{"start":{"line":3,"column":0},"end":{"line":3,"column":27}},"3":{"start":{"line":5,"column":15},"end":{"line":41,"column":1}},"4":{"start":{"line":6,"column":43},"end":{"line":6,"column":51}},"5":{"start":{"line":8,"column":2},"end":{"line":10,"column":3}},"6":{"start":{"line":9,"column":4},"end":{"line":9,"column":72}},"7":{"start":{"line":12,"column":2},"end":{"line":40,"column":3}},"8":{"start":{"line":13,"column":17},"end":{"line":13,"column":36}},"9":{"start":{"line":14,"column":19},"end":{"line":18,"column":74}},"10":{"start":{"line":20,"column":4},"end":{"line":22,"column":5}},"11":{"start":{"line":21,"column":6},"end":{"line":21,"column":80}},"12":{"start":{"line":24,"column":27},"end":{"line":24,"column":54}},"13":{"start":{"line":26,"column":4},"end":{"line":34,"column":8}},"14":{"start":{"line":36,"column":4},"end":{"line":36,"column":67}},"15":{"start":{"line":38,"column":4},"end":{"line":38,"column":25}},"16":{"start":{"line":39,"column":4},"end":{"line":39,"column":54}},"17":{"start":{"line":43,"column":14},"end":{"line":73,"column":1}},"18":{"start":{"line":44,"column":30},"end":{"line":44,"column":38}},"19":{"start":{"line":46,"column":2},"end":{"line":48,"column":3}},"20":{"start":{"line":47,"column":4},"end":{"line":47,"column":80}},"21":{"start":{"line":50,"column":2},"end":{"line":72,"column":3}},"22":{"start":{"line":51,"column":17},"end":{"line":51,"column":36}},"23":{"start":{"line":52,"column":19},"end":{"line":55,"column":56}},"24":{"start":{"line":57,"column":17},"end":{"line":57,"column":36}},"25":{"start":{"line":59,"column":4},"end":{"line":61,"column":5}},"26":{"start":{"line":60,"column":6},"end":{"line":60,"column":70}},"27":{"start":{"line":63,"column":26},"end":{"line":63,"column":77}},"28":{"start":{"line":64,"column":4},"end":{"line":66,"column":5}},"29":{"start":{"line":65,"column":6},"end":{"line":65,"column":70}},"30":{"start":{"line":68,"column":4},"end":{"line":68,"column":75}},"31":{"start":{"line":70,"column":4},"end":{"line":70,"column":25}},"32":{"start":{"line":71,"column":4},"end":{"line":71,"column":54}},"33":{"start":{"line":75,"column":23},"end":{"line":111,"column":1}},"34":{"start":{"line":76,"column":33},"end":{"line":76,"column":41}},"35":{"start":{"line":78,"column":2},"end":{"line":82,"column":3}},"36":{"start":{"line":79,"column":4},"end":{"line":81,"column":64}},"37":{"start":{"line":84,"column":2},"end":{"line":110,"column":3}},"38":{"start":{"line":85,"column":17},"end":{"line":85,"column":36}},"39":{"start":{"line":86,"column":22},"end":{"line":89,"column":56}},"40":{"start":{"line":91,"column":4},"end":{"line":93,"column":5}},"41":{"start":{"line":92,"column":6},"end":{"line":92,"column":65}},"42":{"start":{"line":95,"column":27},"end":{"line":95,"column":57}},"43":{"start":{"line":97,"column":4},"end":{"line":104,"column":11}},"44":{"start":{"line":106,"column":4},"end":{"line":106,"column":71}},"45":{"start":{"line":108,"column":4},"end":{"line":108,"column":51}},"46":{"start":{"line":109,"column":4},"end":{"line":109,"column":54}},"47":{"start":{"line":113,"column":20},"end":{"line":125,"column":1}},"48":{"start":{"line":114,"column":2},"end":{"line":124,"column":3}},"49":{"start":{"line":115,"column":17},"end":{"line":115,"column":36}},"50":{"start":{"line":116,"column":19},"end":{"line":118,"column":56}},"51":{"start":{"line":120,"column":4},"end":{"line":120,"column":43}},"52":{"start":{"line":122,"column":4},"end":{"line":122,"column":49}},"53":{"start":{"line":123,"column":4},"end":{"line":123,"column":54}},"54":{"start":{"line":127,"column":20},"end":{"line":146,"column":1}},"55":{"start":{"line":128,"column":17},"end":{"line":128,"column":27}},"56":{"start":{"line":130,"column":2},"end":{"line":145,"column":3}},"57":{"start":{"line":131,"column":17},"end":{"line":131,"column":36}},"58":{"start":{"line":132,"column":19},"end":{"line":135,"column":71}},"59":{"start":{"line":137,"column":4},"end":{"line":139,"column":5}},"60":{"start":{"line":138,"column":6},"end":{"line":138,"column":65}},"61":{"start":{"line":141,"column":4},"end":{"line":141,"column":46}},"62":{"start":{"line":143,"column":4},"end":{"line":143,"column":50}},"63":{"start":{"line":144,"column":4},"end":{"line":144,"column":54}},"64":{"start":{"line":148,"column":19},"end":{"line":170,"column":1}},"65":{"start":{"line":149,"column":17},"end":{"line":149,"column":27}},"66":{"start":{"line":150,"column":33},"end":{"line":150,"column":41}},"67":{"start":{"line":152,"column":2},"end":{"line":169,"column":3}},"68":{"start":{"line":153,"column":17},"end":{"line":153,"column":36}},"69":{"start":{"line":154,"column":4},"end":{"line":163,"column":11}},"70":{"start":{"line":165,"column":4},"end":{"line":165,"column":67}},"71":{"start":{"line":167,"column":4},"end":{"line":167,"column":47}},"72":{"start":{"line":168,"column":4},"end":{"line":168,"column":54}},"73":{"start":{"line":172,"column":19},"end":{"line":187,"column":1}},"74":{"start":{"line":173,"column":17},"end":{"line":173,"column":27}},"75":{"start":{"line":175,"column":2},"end":{"line":186,"column":3}},"76":{"start":{"line":176,"column":17},"end":{"line":176,"column":36}},"77":{"start":{"line":177,"column":4},"end":{"line":180,"column":49}},"78":{"start":{"line":182,"column":4},"end":{"line":182,"column":67}},"79":{"start":{"line":184,"column":4},"end":{"line":184,"column":47}},"80":{"start":{"line":185,"column":4},"end":{"line":185,"column":54}},"81":{"start":{"line":189,"column":23},"end":{"line":199,"column":1}},"82":{"start":{"line":190,"column":2},"end":{"line":198,"column":3}},"83":{"start":{"line":191,"column":17},"end":{"line":191,"column":36}},"84":{"start":{"line":192,"column":4},"end":{"line":192,"column":52}},"85":{"start":{"line":194,"column":4},"end":{"line":194,"column":72}},"86":{"start":{"line":196,"column":4},"end":{"line":196,"column":52}},"87":{"start":{"line":197,"column":4},"end":{"line":197,"column":54}},"88":{"start":{"line":201,"column":0},"end":{"line":210,"column":2}}},"fnMap":{"0":{"name":"(anonymous_0)","decl":{"start":{"line":5,"column":15},"end":{"line":5,"column":16}},"loc":{"start":{"line":5,"column":35},"end":{"line":41,"column":1}},"line":5},"1":{"name":"(anonymous_1)","decl":{"start":{"line":43,"column":14},"end":{"line":43,"column":15}},"loc":{"start":{"line":43,"column":34},"end":{"line":73,"column":1}},"line":43},"2":{"name":"(anonymous_2)","decl":{"start":{"line":75,"column":23},"end":{"line":75,"column":24}},"loc":{"start":{"line":75,"column":43},"end":{"line":111,"column":1}},"line":75},"3":{"name":"(anonymous_3)","decl":{"start":{"line":113,"column":20},"end":{"line":113,"column":21}},"loc":{"start":{"line":113,"column":40},"end":{"line":125,"column":1}},"line":113},"4":{"name":"(anonymous_4)","decl":{"start":{"line":127,"column":20},"end":{"line":127,"column":21}},"loc":{"start":{"line":127,"column":40},"end":{"line":146,"column":1}},"line":127},"5":{"name":"(anonymous_5)","decl":{"start":{"line":148,"column":19},"end":{"line":148,"column":20}},"loc":{"start":{"line":148,"column":39},"end":{"line":170,"column":1}},"line":148},"6":{"name":"(anonymous_6)","decl":{"start":{"line":172,"column":19},"end":{"line":172,"column":20}},"loc":{"start":{"line":172,"column":39},"end":{"line":187,"column":1}},"line":172},"7":{"name":"(anonymous_7)","decl":{"start":{"line":189,"column":23},"end":{"line":189,"column":24}},"loc":{"start":{"line":189,"column":43},"end":{"line":199,"column":1}},"line":189}},"branchMap":{"0":{"loc":{"start":{"line":8,"column":2},"end":{"line":10,"column":3}},"type":"if","locations":[{"start":{"line":8,"column":2},"end":{"line":10,"column":3}},{"start":{},"end":{}}],"line":8},"1":{"loc":{"start":{"line":8,"column":6},"end":{"line":8,"column":44}},"type":"binary-expr","locations":[{"start":{"line":8,"column":6},"end":{"line":8,"column":11}},{"start":{"line":8,"column":15},"end":{"line":8,"column":21}},{"start":{"line":8,"column":25},"end":{"line":8,"column":31}},{"start":{"line":8,"column":35},"end":{"line":8,"column":44}}],"line":8},"2":{"loc":{"start":{"line":20,"column":4},"end":{"line":22,"column":5}},"type":"if","locations":[{"start":{"line":20,"column":4},"end":{"line":22,"column":5}},{"start":{},"end":{}}],"line":20},"3":{"loc":{"start":{"line":46,"column":2},"end":{"line":48,"column":3}},"type":"if","locations":[{"start":{"line":46,"column":2},"end":{"line":48,"column":3}},{"start":{},"end":{}}],"line":46},"4":{"loc":{"start":{"line":46,"column":6},"end":{"line":46,"column":25}},"type":"binary-expr","locations":[{"start":{"line":46,"column":6},"end":{"line":46,"column":12}},{"start":{"line":46,"column":16},"end":{"line":46,"column":25}}],"line":46},"5":{"loc":{"start":{"line":59,"column":4},"end":{"line":61,"column":5}},"type":"if","locations":[{"start":{"line":59,"column":4},"end":{"line":61,"column":5}},{"start":{},"end":{}}],"line":59},"6":{"loc":{"start":{"line":64,"column":4},"end":{"line":66,"column":5}},"type":"if","locations":[{"start":{"line":64,"column":4},"end":{"line":66,"column":5}},{"start":{},"end":{}}],"line":64},"7":{"loc":{"start":{"line":78,"column":2},"end":{"line":82,"column":3}},"type":"if","locations":[{"start":{"line":78,"column":2},"end":{"line":82,"column":3}},{"start":{},"end":{}}],"line":78},"8":{"loc":{"start":{"line":78,"column":6},"end":{"line":78,"column":28}},"type":"binary-expr","locations":[{"start":{"line":78,"column":6},"end":{"line":78,"column":12}},{"start":{"line":78,"column":16},"end":{"line":78,"column":28}}],"line":78},"9":{"loc":{"start":{"line":91,"column":4},"end":{"line":93,"column":5}},"type":"if","locations":[{"start":{"line":91,"column":4},"end":{"line":93,"column":5}},{"start":{},"end":{}}],"line":91},"10":{"loc":{"start":{"line":137,"column":4},"end":{"line":139,"column":5}},"type":"if","locations":[{"start":{"line":137,"column":4},"end":{"line":139,"column":5}},{"start":{},"end":{}}],"line":137}},"s":{"0":1,"1":1,"2":1,"3":1,"4":3,"5":3,"6":1,"7":2,"8":2,"9":2,"10":2,"11":1,"12":1,"13":1,"14":1,"15":0,"16":0,"17":1,"18":3,"19":3,"20":0,"21":3,"22":3,"23":3,"24":3,"25":3,"26":1,"27":2,"28":2,"29":1,"30":1,"31":0,"32":0,"33":1,"34":0,"35":0,"36":0,"37":0,"38":0,"39":0,"40":0,"41":0,"42":0,"43":0,"44":0,"45":0,"46":0,"47":1,"48":1,"49":1,"50":1,"51":1,"52":0,"53":0,"54":1,"55":2,"56":2,"57":2,"58":2,"59":2,"60":1,"61":1,"62":0,"63":0,"64":1,"65":1,"66":1,"67":1,"68":1,"69":1,"70":1,"71":0,"72":0,"73":1,"74":1,"75":1,"76":1,"77":1,"78":1,"79":0,"80":0,"81":1,"82":1,"83":1,"84":1,"85":1,"86":0,"87":0,"88":1},"f":{"0":3,"1":3,"2":0,"3":1,"4":2,"5":1,"6":1,"7":1},"b":{"0":[1,2],"1":[3,2,2,2],"2":[1,1],"3":[0,3],"4":[3,3],"5":[1,2],"6":[1,1],"7":[0,0],"8":[0,0],"9":[0,0],"10":[1,1]},"_coverageSchema":"1a1c01bbd47fc00a2c39e90264f33305004495a9","hash":"2936a366a8e8fa2aa1ab2f1695311c404ebc4a71"}
}
