TN:
SF:config\sql.js
FN:15,connectToSqlDb
FNF:1
FNH:0
FNDA:0,connectToSqlDb
DA:1,1
DA:2,1
DA:4,1
DA:16,0
DA:17,0
DA:18,0
DA:20,0
DA:24,1
LF:8
LH:4
BRF:0
BRH:0
end_of_record
TN:
SF:controllers\userController.js
FN:5,(anonymous_0)
FN:43,(anonymous_1)
FN:75,(anonymous_2)
FN:113,(anonymous_3)
FN:127,(anonymous_4)
FN:148,(anonymous_5)
FN:172,(anonymous_6)
FN:189,(anonymous_7)
FNF:8
FNH:7
FNDA:3,(anonymous_0)
FNDA:3,(anonymous_1)
FNDA:0,(anonymous_2)
FNDA:1,(anonymous_3)
FNDA:2,(anonymous_4)
FNDA:1,(anonymous_5)
FNDA:1,(anonymous_6)
FNDA:1,(anonymous_7)
DA:1,1
DA:2,1
DA:3,1
DA:5,1
DA:6,3
DA:8,3
DA:9,1
DA:12,2
DA:13,2
DA:14,2
DA:20,2
DA:21,1
DA:24,1
DA:26,1
DA:36,1
DA:38,0
DA:39,0
DA:43,1
DA:44,3
DA:46,3
DA:47,0
DA:50,3
DA:51,3
DA:52,3
DA:57,3
DA:59,3
DA:60,1
DA:63,2
DA:64,2
DA:65,1
DA:68,1
DA:70,0
DA:71,0
DA:75,1
DA:76,0
DA:78,0
DA:79,0
DA:84,0
DA:85,0
DA:86,0
DA:91,0
DA:92,0
DA:95,0
DA:97,0
DA:106,0
DA:108,0
DA:109,0
DA:113,1
DA:114,1
DA:115,1
DA:116,1
DA:120,1
DA:122,0
DA:123,0
DA:127,1
DA:128,2
DA:130,2
DA:131,2
DA:132,2
DA:137,2
DA:138,1
DA:141,1
DA:143,0
DA:144,0
DA:148,1
DA:149,1
DA:150,1
DA:152,1
DA:153,1
DA:154,1
DA:165,1
DA:167,0
DA:168,0
DA:172,1
DA:173,1
DA:175,1
DA:176,1
DA:177,1
DA:182,1
DA:184,0
DA:185,0
DA:189,1
DA:190,1
DA:191,1
DA:192,1
DA:194,1
DA:196,0
DA:197,0
DA:201,1
LF:89
LH:61
BRDA:8,0,0,1
BRDA:8,0,1,2
BRDA:8,1,0,3
BRDA:8,1,1,2
BRDA:8,1,2,2
BRDA:8,1,3,2
BRDA:20,2,0,1
BRDA:20,2,1,1
BRDA:46,3,0,0
BRDA:46,3,1,3
BRDA:46,4,0,3
BRDA:46,4,1,3
BRDA:59,5,0,1
BRDA:59,5,1,2
BRDA:64,6,0,1
BRDA:64,6,1,1
BRDA:78,7,0,0
BRDA:78,7,1,0
BRDA:78,8,0,0
BRDA:78,8,1,0
BRDA:91,9,0,0
BRDA:91,9,1,0
BRDA:137,10,0,1
BRDA:137,10,1,1
BRF:24
BRH:17
end_of_record
